<?xml version="1.0" encoding="UTF-8"?>
<testsuite xmlns:xsi="http://www.w3.org/2001/XMLSchema-instance" xsi:noNamespaceSchemaLocation="https://maven.apache.org/surefire/maven-surefire-plugin/xsd/surefire-test-report.xsd" name="CTPS.puzzlesolver.ReferenceMapTest" time="0.242" tests="4" errors="0" skipped="0" failures="0">
  <properties>
    <property name="awt.toolkit" value="sun.awt.X11.XToolkit"/>
    <property name="java.specification.version" value="12"/>
    <property name="sun.jnu.encoding" value="ANSI_X3.4-1968"/>
    <property name="java.class.path" value="/home/student/Documents/Fall_19/COMP_330/Chromium_Titanium_Pigeon_Sticks/target/test-classes:/home/student/Documents/Fall_19/COMP_330/Chromium_Titanium_Pigeon_Sticks/target/classes:/home/student/.m2/repository/com/fasterxml/jackson/core/jackson-core/2.9.6/jackson-core-2.9.6.jar:/home/student/.m2/repository/com/google/code/gson/gson/2.8.6/gson-2.8.6.jar:/home/student/.m2/repository/com/fasterxml/jackson/core/jackson-annotations/2.9.6/jackson-annotations-2.9.6.jar:/home/student/.m2/repository/com/fasterxml/jackson/core/jackson-databind/2.9.6/jackson-databind-2.9.6.jar:/home/student/.m2/repository/junit/junit/4.11/junit-4.11.jar:/home/student/.m2/repository/org/hamcrest/hamcrest-core/1.3/hamcrest-core-1.3.jar:"/>
    <property name="java.vm.vendor" value="Oracle Corporation"/>
    <property name="sun.arch.data.model" value="64"/>
    <property name="java.vendor.url" value="https://openjdk.java.net/"/>
    <property name="os.name" value="Linux"/>
    <property name="java.vm.specification.version" value="12"/>
    <property name="sun.java.launcher" value="SUN_STANDARD"/>
    <property name="user.country" value="US"/>
    <property name="sun.boot.library.path" value="/usr/lib/jvm/java-12-openjdk/lib"/>
    <property name="sun.java.command" value="/home/student/Documents/Fall_19/COMP_330/Chromium_Titanium_Pigeon_Sticks/target/surefire/surefirebooter10926497021831553917.jar /home/student/Documents/Fall_19/COMP_330/Chromium_Titanium_Pigeon_Sticks/target/surefire 2019-10-15T11-39-06_897-jvmRun1 surefire15700916551750598391tmp surefire_08999794189229534450tmp"/>
    <property name="jdk.debug" value="release"/>
    <property name="surefire.test.class.path" value="/home/student/Documents/Fall_19/COMP_330/Chromium_Titanium_Pigeon_Sticks/target/test-classes:/home/student/Documents/Fall_19/COMP_330/Chromium_Titanium_Pigeon_Sticks/target/classes:/home/student/.m2/repository/com/fasterxml/jackson/core/jackson-core/2.9.6/jackson-core-2.9.6.jar:/home/student/.m2/repository/com/google/code/gson/gson/2.8.6/gson-2.8.6.jar:/home/student/.m2/repository/com/fasterxml/jackson/core/jackson-annotations/2.9.6/jackson-annotations-2.9.6.jar:/home/student/.m2/repository/com/fasterxml/jackson/core/jackson-databind/2.9.6/jackson-databind-2.9.6.jar:/home/student/.m2/repository/junit/junit/4.11/junit-4.11.jar:/home/student/.m2/repository/org/hamcrest/hamcrest-core/1.3/hamcrest-core-1.3.jar:"/>
    <property name="sun.cpu.endian" value="little"/>
    <property name="user.home" value="/home/student"/>
    <property name="user.language" value="en"/>
    <property name="java.specification.vendor" value="Oracle Corporation"/>
    <property name="java.version.date" value="2019-07-16"/>
    <property name="java.home" value="/usr/lib/jvm/java-12-openjdk"/>
    <property name="file.separator" value="/"/>
    <property name="basedir" value="/home/student/Documents/Fall_19/COMP_330/Chromium_Titanium_Pigeon_Sticks"/>
    <property name="java.vm.compressedOopsMode" value="32-bit"/>
    <property name="line.separator" value="&#10;"/>
    <property name="java.vm.specification.vendor" value="Oracle Corporation"/>
    <property name="java.specification.name" value="Java Platform API Specification"/>
    <property name="java.awt.graphicsenv" value="sun.awt.X11GraphicsEnvironment"/>
    <property name="surefire.real.class.path" value="/home/student/Documents/Fall_19/COMP_330/Chromium_Titanium_Pigeon_Sticks/target/surefire/surefirebooter10926497021831553917.jar"/>
    <property name="sun.management.compiler" value="HotSpot 64-Bit Tiered Compilers"/>
    <property name="java.runtime.version" value="12.0.2+10"/>
    <property name="user.name" value="student"/>
    <property name="path.separator" value=":"/>
    <property name="os.version" value="5.3.1-arch1-1-ARCH"/>
    <property name="java.runtime.name" value="OpenJDK Runtime Environment"/>
    <property name="file.encoding" value="ANSI_X3.4-1968"/>
    <property name="java.vm.name" value="OpenJDK 64-Bit Server VM"/>
    <property name="localRepository" value="/home/student/.m2/repository"/>
    <property name="java.vendor.url.bug" value="https://bugreport.java.com/bugreport/"/>
    <property name="java.io.tmpdir" value="/tmp"/>
    <property name="java.version" value="12.0.2"/>
    <property name="user.dir" value="/home/student/Documents/Fall_19/COMP_330/Chromium_Titanium_Pigeon_Sticks"/>
    <property name="os.arch" value="amd64"/>
    <property name="java.vm.specification.name" value="Java Virtual Machine Specification"/>
    <property name="java.library.path" value="/usr/java/packages/lib:/usr/lib64:/lib64:/lib:/usr/lib"/>
    <property name="java.vm.info" value="mixed mode"/>
    <property name="java.vendor" value="N/A"/>
    <property name="java.vm.version" value="12.0.2+10"/>
    <property name="sun.io.unicode.encoding" value="UnicodeLittle"/>
    <property name="java.class.version" value="56.0"/>
  </properties>
  <testcase name="test_structure_mixed_up_purses" classname="CTPS.puzzlesolver.ReferenceMapTest" time="0.213"/>
  <testcase name="test_isSolved" classname="CTPS.puzzlesolver.ReferenceMapTest" time="0.002"/>
  <testcase name="test_set" classname="CTPS.puzzlesolver.ReferenceMapTest" time="0.003"/>
  <testcase name="test_get_solvable_map" classname="CTPS.puzzlesolver.ReferenceMapTest" time="0.002"/>
</testsuite>