<?xml version="1.0" encoding="UTF-8"?>
<testsuite xmlns:xsi="http://www.w3.org/2001/XMLSchema-instance" xsi:noNamespaceSchemaLocation="https://maven.apache.org/surefire/maven-surefire-plugin/xsd/surefire-test-report.xsd" name="CTPS.puzzlesolver.PuzzleSolverTest" time="0.016" tests="1" errors="0" skipped="0" failures="0">
  <properties>
    <property name="java.specification.version" value="13"/>
    <property name="sun.cpu.isalist" value="amd64"/>
    <property name="sun.jnu.encoding" value="Cp1252"/>
    <property name="java.class.path" value="C:\Users\jkotheimer\Documents\projects\Chromium_Titanium_Pigeon_Sticks\target\test-classes;C:\Users\jkotheimer\Documents\projects\Chromium_Titanium_Pigeon_Sticks\target\classes;C:\Users\jkotheimer\.m2\repository\com\fasterxml\jackson\core\jackson-core\2.10.0.pr3\jackson-core-2.10.0.pr3.jar;C:\Users\jkotheimer\.m2\repository\com\google\code\gson\gson\2.8.6\gson-2.8.6.jar;C:\Users\jkotheimer\.m2\repository\com\fasterxml\jackson\core\jackson-annotations\2.10.0.pr3\jackson-annotations-2.10.0.pr3.jar;C:\Users\jkotheimer\.m2\repository\com\fasterxml\jackson\core\jackson-databind\2.10.0.pr3\jackson-databind-2.10.0.pr3.jar;C:\Users\jkotheimer\.m2\repository\junit\junit\4.11\junit-4.11.jar;C:\Users\jkotheimer\.m2\repository\org\hamcrest\hamcrest-core\1.3\hamcrest-core-1.3.jar;"/>
    <property name="java.vm.vendor" value="Oracle Corporation"/>
    <property name="sun.arch.data.model" value="64"/>
    <property name="user.variant" value=""/>
    <property name="java.vendor.url" value="https://java.oracle.com/"/>
    <property name="user.timezone" value="America/Chicago"/>
    <property name="os.name" value="Windows 10"/>
    <property name="java.vm.specification.version" value="13"/>
    <property name="sun.java.launcher" value="SUN_STANDARD"/>
    <property name="user.country" value="US"/>
    <property name="sun.boot.library.path" value="C:\Program Files\Java\jdk-13.0.1\bin"/>
    <property name="sun.java.command" value="C:\Users\JKOTHE~1\AppData\Local\Temp\surefire17551005465390111183\surefirebooter16167215059884093136.jar C:\Users\jkotheimer\AppData\Local\Temp\surefire17551005465390111183 2019-10-29T14-38-59_280-jvmRun1 surefire11242298355003122124tmp surefire_015623152998920454921tmp"/>
    <property name="jdk.debug" value="release"/>
    <property name="surefire.test.class.path" value="C:\Users\jkotheimer\Documents\projects\Chromium_Titanium_Pigeon_Sticks\target\test-classes;C:\Users\jkotheimer\Documents\projects\Chromium_Titanium_Pigeon_Sticks\target\classes;C:\Users\jkotheimer\.m2\repository\com\fasterxml\jackson\core\jackson-core\2.10.0.pr3\jackson-core-2.10.0.pr3.jar;C:\Users\jkotheimer\.m2\repository\com\google\code\gson\gson\2.8.6\gson-2.8.6.jar;C:\Users\jkotheimer\.m2\repository\com\fasterxml\jackson\core\jackson-annotations\2.10.0.pr3\jackson-annotations-2.10.0.pr3.jar;C:\Users\jkotheimer\.m2\repository\com\fasterxml\jackson\core\jackson-databind\2.10.0.pr3\jackson-databind-2.10.0.pr3.jar;C:\Users\jkotheimer\.m2\repository\junit\junit\4.11\junit-4.11.jar;C:\Users\jkotheimer\.m2\repository\org\hamcrest\hamcrest-core\1.3\hamcrest-core-1.3.jar;"/>
    <property name="sun.cpu.endian" value="little"/>
    <property name="user.home" value="C:\Users\jkotheimer"/>
    <property name="user.language" value="en"/>
    <property name="java.specification.vendor" value="Oracle Corporation"/>
    <property name="java.version.date" value="2019-10-15"/>
    <property name="java.home" value="C:\Program Files\Java\jdk-13.0.1"/>
    <property name="file.separator" value="\"/>
    <property name="basedir" value="C:\Users\jkotheimer\Documents\projects\Chromium_Titanium_Pigeon_Sticks"/>
    <property name="java.vm.compressedOopsMode" value="32-bit"/>
    <property name="line.separator" value="&#10;"/>
    <property name="java.vm.specification.vendor" value="Oracle Corporation"/>
    <property name="java.specification.name" value="Java Platform API Specification"/>
    <property name="surefire.real.class.path" value="C:\Users\JKOTHE~1\AppData\Local\Temp\surefire17551005465390111183\surefirebooter16167215059884093136.jar"/>
    <property name="user.script" value=""/>
    <property name="sun.management.compiler" value="HotSpot 64-Bit Tiered Compilers"/>
    <property name="java.runtime.version" value="13.0.1+9"/>
    <property name="user.name" value="jkotheimer"/>
    <property name="path.separator" value=";"/>
    <property name="os.version" value="10.0"/>
    <property name="java.runtime.name" value="Java(TM) SE Runtime Environment"/>
    <property name="file.encoding" value="Cp1252"/>
    <property name="java.vm.name" value="Java HotSpot(TM) 64-Bit Server VM"/>
    <property name="localRepository" value="C:\Users\jkotheimer\.m2\repository"/>
    <property name="java.vendor.url.bug" value="https://bugreport.java.com/bugreport/"/>
    <property name="java.io.tmpdir" value="C:\Users\JKOTHE~1\AppData\Local\Temp\"/>
    <property name="java.version" value="13.0.1"/>
    <property name="user.dir" value="C:\Users\jkotheimer\Documents\projects\Chromium_Titanium_Pigeon_Sticks"/>
    <property name="os.arch" value="amd64"/>
    <property name="java.vm.specification.name" value="Java Virtual Machine Specification"/>
    <property name="sun.os.patch.level" value=""/>
    <property name="java.library.path" value="C:\Program Files\Java\jdk-13.0.1\bin;C:\WINDOWS\Sun\Java\bin;C:\WINDOWS\system32;C:\WINDOWS;C:\Users\jkotheimer\bin;C:\Program Files\Git\mingw64\bin;C:\Program Files\Git\usr\local\bin;C:\Program Files\Git\usr\bin;C:\Program Files\Git\usr\bin;C:\Program Files\Git\mingw64\bin;C:\Program Files\Git\usr\bin;C:\Users\jkotheimer\bin;C:\app\User\virtual\product\12.2.0\dbhome_1\bin;C:\Users\Public\Temp\Oracle12;C:\OraProduct\12.1.0\client_1;C:\Program Files (x86)\Python36-32;C:\Program Files (x86)\Python36-32\Scripts;C:\Python27;C:\Python27\Scripts;C:\Program Files (x86)\Common Files\Intel\Shared Libraries\redist\ia32\mpirt;C:\Program Files (x86)\Common Files\Intel\Shared Libraries\redist\ia32\compiler;C:\Program Files (x86)\Common Files\Intel\Shared Libraries\redist\intel64\compiler;C:\WINDOWS\system32;C:\WINDOWS;C:\WINDOWS\System32\Wbem;C:\WINDOWS\System32\WindowsPowerShell\v1.0;C:\Program Files (x86)\QuickTime\QTSystem;C:\ProgramData\Anaconda3;C:\ProgramData\Anaconda3\Scripts;C:\ProgramData\Anaconda3\Library\bin;C:\Program Files\Microsoft SQL Server\120\Tools\Binn;C:\Program Files (x86)\Skype\Phone;C:\Program Files\Microsoft SQL Server\130\Tools\Binn;C:\ProgramData\chocolatey\bin;C:\Program Files\jEdit;C:\Program Files (x86)\GtkSharp\2.12\bin;C:\Program Files (x86)\Microsoft SQL Server\100\Tools\Binn;C:\Program Files (x86)\Microsoft SQL Server\100\DTS\Binn;C:\Program Files\SASHome\x86\SASFoundation\9.4\ets\sasexe;C:\Program Files\SASHome\x86\Secure\ccme4;C:\PROGRA~2\MONO-3~1.3\bin;C:\Program Files (x86)\Mono-3.2.3\bin;C:\Users\Administrator\AppData\Local\atom\bin;C:\WINDOWS\System32\OpenSSH;C:\ProgramData\Oracle\Java\javapath;C:\Program Files (x86)\sbt\bin;C:\Program Files\PuTTY;C:\Program Files (x86)\Wolfram Research\WolframScript;C:\Program Files\Git\cmd;C:\Users\jkotheimer\Downloads\apache-maven-3.6.2\bin;C:\Users\Administrator\AppData\Local\Microsoft\WindowsApps;C:\Users\Public\Temp\Canopy\User;C:\Users\Public\Temp\Canopy\User\Scripts;C:\Users\Administrator\AppData\Local\atom\bin;C:\Users\jkotheimer\AppData\Local\Microsoft\WindowsApps;C:\Users\Administrator\AppData\Local\GitHubDesktop\bin;C:\Program Files\JetBrains\IntelliJ IDEA Community Edition 2019.1\bin;C:\Program Files\Java\jdk-13.0.1\bin;C:\Program Files\Git\usr\bin\vendor_perl;C:\Program Files\Git\usr\bin\core_perl;."/>
    <property name="java.vm.info" value="mixed mode, sharing"/>
    <property name="java.vendor" value="Oracle Corporation"/>
    <property name="java.vm.version" value="13.0.1+9"/>
    <property name="sun.io.unicode.encoding" value="UnicodeLittle"/>
    <property name="java.class.version" value="57.0"/>
  </properties>
  <testcase name="test_solve" classname="CTPS.puzzlesolver.PuzzleSolverTest" time="0.01"/>
</testsuite>